1759209895264|0|statement|connection 19|url jdbc:postgresql://localhost:55725/testdb?loggerLevel=OFF|set client_min_messages = WARNING|set client_min_messages = WARNING
1759209895266|1|statement|connection 19|url jdbc:postgresql://localhost:55725/testdb?loggerLevel=OFF|alter table if exists blog_tags drop constraint if exists FKknhfjqf24lyrdbfobo3qm09e6|alter table if exists blog_tags drop constraint if exists FKknhfjqf24lyrdbfobo3qm09e6
1759209895268|1|statement|connection 19|url jdbc:postgresql://localhost:55725/testdb?loggerLevel=OFF|alter table if exists blog_tags drop constraint if exists FK40ssjxev6664mjrw1mrjduxns|alter table if exists blog_tags drop constraint if exists FK40ssjxev6664mjrw1mrjduxns
1759209895269|1|statement|connection 19|url jdbc:postgresql://localhost:55725/testdb?loggerLevel=OFF|alter table if exists blogs drop constraint if exists FKa69ktfaah2fvt4vyy8m11qjah|alter table if exists blogs drop constraint if exists FKa69ktfaah2fvt4vyy8m11qjah
1759209895270|1|statement|connection 19|url jdbc:postgresql://localhost:55725/testdb?loggerLevel=OFF|alter table if exists blog_stat drop constraint if exists FK61b4isldrnomadm0pddepwbfq|alter table if exists blog_stat drop constraint if exists FK61b4isldrnomadm0pddepwbfq
1759209895271|1|statement|connection 19|url jdbc:postgresql://localhost:55725/testdb?loggerLevel=OFF|alter table if exists comment_likes drop constraint if exists FK3wa5u7bs1p1o9hmavtgdgk1go|alter table if exists comment_likes drop constraint if exists FK3wa5u7bs1p1o9hmavtgdgk1go
1759209895273|1|statement|connection 19|url jdbc:postgresql://localhost:55725/testdb?loggerLevel=OFF|alter table if exists comment_likes drop constraint if exists FKq6gltbxc24mdpub8fpe4ms8wf|alter table if exists comment_likes drop constraint if exists FKq6gltbxc24mdpub8fpe4ms8wf
1759209895274|1|statement|connection 19|url jdbc:postgresql://localhost:55725/testdb?loggerLevel=OFF|alter table if exists comments drop constraint if exists FKkv22t54g17a6hvj7hbn6byh5s|alter table if exists comments drop constraint if exists FKkv22t54g17a6hvj7hbn6byh5s
1759209895276|0|statement|connection 19|url jdbc:postgresql://localhost:55725/testdb?loggerLevel=OFF|alter table if exists comments drop constraint if exists FKlri30okf66phtcgbe5pok7cc0|alter table if exists comments drop constraint if exists FKlri30okf66phtcgbe5pok7cc0
1759209895277|0|statement|connection 19|url jdbc:postgresql://localhost:55725/testdb?loggerLevel=OFF|alter table if exists comments drop constraint if exists FKh4c7lvsc298whoyd4w9ta25cr|alter table if exists comments drop constraint if exists FKh4c7lvsc298whoyd4w9ta25cr
1759209895278|1|statement|connection 19|url jdbc:postgresql://localhost:55725/testdb?loggerLevel=OFF|alter table if exists member_blog_follow drop constraint if exists FKmsw589t0dcxn3eau48jkd1auj|alter table if exists member_blog_follow drop constraint if exists FKmsw589t0dcxn3eau48jkd1auj
1759209895279|0|statement|connection 19|url jdbc:postgresql://localhost:55725/testdb?loggerLevel=OFF|alter table if exists member_blog_follow drop constraint if exists FKp5nkjtlu9ab10hrfksatwb54q|alter table if exists member_blog_follow drop constraint if exists FKp5nkjtlu9ab10hrfksatwb54q
1759209895280|0|statement|connection 19|url jdbc:postgresql://localhost:55725/testdb?loggerLevel=OFF|alter table if exists post_attachments drop constraint if exists FKcu9va95exxppwi8re0yse0hhy|alter table if exists post_attachments drop constraint if exists FKcu9va95exxppwi8re0yse0hhy
1759209895281|0|statement|connection 19|url jdbc:postgresql://localhost:55725/testdb?loggerLevel=OFF|alter table if exists post_attachments drop constraint if exists FKdwocy2l1nlf11ebpfrax6sto1|alter table if exists post_attachments drop constraint if exists FKdwocy2l1nlf11ebpfrax6sto1
1759209895282|0|statement|connection 19|url jdbc:postgresql://localhost:55725/testdb?loggerLevel=OFF|alter table if exists post_likes drop constraint if exists FKsr9uiilpnflc32a04yyx7bun|alter table if exists post_likes drop constraint if exists FKsr9uiilpnflc32a04yyx7bun
1759209895283|0|statement|connection 19|url jdbc:postgresql://localhost:55725/testdb?loggerLevel=OFF|alter table if exists post_likes drop constraint if exists FKa5wxsgl4doibhbed9gm7ikie2|alter table if exists post_likes drop constraint if exists FKa5wxsgl4doibhbed9gm7ikie2
1759209895284|0|statement|connection 19|url jdbc:postgresql://localhost:55725/testdb?loggerLevel=OFF|alter table if exists post_stats drop constraint if exists FKsqslaala9p24kidsphy8mfu35|alter table if exists post_stats drop constraint if exists FKsqslaala9p24kidsphy8mfu35
1759209895284|0|statement|connection 19|url jdbc:postgresql://localhost:55725/testdb?loggerLevel=OFF|alter table if exists post_tags drop constraint if exists FKkifam22p4s1nm3bkmp1igcn5w|alter table if exists post_tags drop constraint if exists FKkifam22p4s1nm3bkmp1igcn5w
1759209895285|0|statement|connection 19|url jdbc:postgresql://localhost:55725/testdb?loggerLevel=OFF|alter table if exists post_tags drop constraint if exists FKm6cfovkyqvu5rlm6ahdx3eavj|alter table if exists post_tags drop constraint if exists FKm6cfovkyqvu5rlm6ahdx3eavj
1759209895286|0|statement|connection 19|url jdbc:postgresql://localhost:55725/testdb?loggerLevel=OFF|alter table if exists posts drop constraint if exists FK46hamw7vkqcug68icapbki4v2|alter table if exists posts drop constraint if exists FK46hamw7vkqcug68icapbki4v2
1759209895286|0|statement|connection 19|url jdbc:postgresql://localhost:55725/testdb?loggerLevel=OFF|alter table if exists posts drop constraint if exists FKlguag5cl5yccrl9hdnw53fdhf|alter table if exists posts drop constraint if exists FKlguag5cl5yccrl9hdnw53fdhf
1759209895287|0|statement|connection 19|url jdbc:postgresql://localhost:55725/testdb?loggerLevel=OFF|drop table if exists blog_tags cascade|drop table if exists blog_tags cascade
1759209895288|0|statement|connection 19|url jdbc:postgresql://localhost:55725/testdb?loggerLevel=OFF|drop table if exists blogs cascade|drop table if exists blogs cascade
1759209895289|0|statement|connection 19|url jdbc:postgresql://localhost:55725/testdb?loggerLevel=OFF|drop table if exists blog_stat cascade|drop table if exists blog_stat cascade
1759209895290|0|statement|connection 19|url jdbc:postgresql://localhost:55725/testdb?loggerLevel=OFF|drop table if exists comment_likes cascade|drop table if exists comment_likes cascade
1759209895291|0|statement|connection 19|url jdbc:postgresql://localhost:55725/testdb?loggerLevel=OFF|drop table if exists comments cascade|drop table if exists comments cascade
1759209895292|0|statement|connection 19|url jdbc:postgresql://localhost:55725/testdb?loggerLevel=OFF|drop table if exists member_blog_follow cascade|drop table if exists member_blog_follow cascade
1759209895293|1|statement|connection 19|url jdbc:postgresql://localhost:55725/testdb?loggerLevel=OFF|drop table if exists members cascade|drop table if exists members cascade
1759209895294|0|statement|connection 19|url jdbc:postgresql://localhost:55725/testdb?loggerLevel=OFF|drop table if exists post_attachments cascade|drop table if exists post_attachments cascade
1759209895295|0|statement|connection 19|url jdbc:postgresql://localhost:55725/testdb?loggerLevel=OFF|drop table if exists post_likes cascade|drop table if exists post_likes cascade
1759209895295|0|statement|connection 19|url jdbc:postgresql://localhost:55725/testdb?loggerLevel=OFF|drop table if exists post_stats cascade|drop table if exists post_stats cascade
1759209895296|0|statement|connection 19|url jdbc:postgresql://localhost:55725/testdb?loggerLevel=OFF|drop table if exists post_tags cascade|drop table if exists post_tags cascade
1759209895297|0|statement|connection 19|url jdbc:postgresql://localhost:55725/testdb?loggerLevel=OFF|drop table if exists posts cascade|drop table if exists posts cascade
1759209895299|0|statement|connection 19|url jdbc:postgresql://localhost:55725/testdb?loggerLevel=OFF|drop table if exists refresh_token cascade|drop table if exists refresh_token cascade
1759209895299|0|statement|connection 19|url jdbc:postgresql://localhost:55725/testdb?loggerLevel=OFF|drop table if exists tags cascade|drop table if exists tags cascade
1759209895310|0|statement|connection 20|url jdbc:postgresql://localhost:55725/testdb?loggerLevel=OFF|set client_min_messages = WARNING|set client_min_messages = WARNING
1759209895312|0|statement|connection 20|url jdbc:postgresql://localhost:55725/testdb?loggerLevel=OFF|alter table if exists blog_tags drop constraint if exists FKknhfjqf24lyrdbfobo3qm09e6|alter table if exists blog_tags drop constraint if exists FKknhfjqf24lyrdbfobo3qm09e6
1759209895313|0|statement|connection 20|url jdbc:postgresql://localhost:55725/testdb?loggerLevel=OFF|alter table if exists blog_tags drop constraint if exists FK40ssjxev6664mjrw1mrjduxns|alter table if exists blog_tags drop constraint if exists FK40ssjxev6664mjrw1mrjduxns
1759209895314|1|statement|connection 20|url jdbc:postgresql://localhost:55725/testdb?loggerLevel=OFF|alter table if exists blogs drop constraint if exists FKa69ktfaah2fvt4vyy8m11qjah|alter table if exists blogs drop constraint if exists FKa69ktfaah2fvt4vyy8m11qjah
1759209895316|1|statement|connection 20|url jdbc:postgresql://localhost:55725/testdb?loggerLevel=OFF|alter table if exists blog_stat drop constraint if exists FK61b4isldrnomadm0pddepwbfq|alter table if exists blog_stat drop constraint if exists FK61b4isldrnomadm0pddepwbfq
1759209895317|1|statement|connection 20|url jdbc:postgresql://localhost:55725/testdb?loggerLevel=OFF|alter table if exists comment_likes drop constraint if exists FK3wa5u7bs1p1o9hmavtgdgk1go|alter table if exists comment_likes drop constraint if exists FK3wa5u7bs1p1o9hmavtgdgk1go
1759209895318|0|statement|connection 20|url jdbc:postgresql://localhost:55725/testdb?loggerLevel=OFF|alter table if exists comment_likes drop constraint if exists FKq6gltbxc24mdpub8fpe4ms8wf|alter table if exists comment_likes drop constraint if exists FKq6gltbxc24mdpub8fpe4ms8wf
1759209895319|0|statement|connection 20|url jdbc:postgresql://localhost:55725/testdb?loggerLevel=OFF|alter table if exists comments drop constraint if exists FKkv22t54g17a6hvj7hbn6byh5s|alter table if exists comments drop constraint if exists FKkv22t54g17a6hvj7hbn6byh5s
1759209895320|0|statement|connection 20|url jdbc:postgresql://localhost:55725/testdb?loggerLevel=OFF|alter table if exists comments drop constraint if exists FKlri30okf66phtcgbe5pok7cc0|alter table if exists comments drop constraint if exists FKlri30okf66phtcgbe5pok7cc0
1759209895321|0|statement|connection 20|url jdbc:postgresql://localhost:55725/testdb?loggerLevel=OFF|alter table if exists comments drop constraint if exists FKh4c7lvsc298whoyd4w9ta25cr|alter table if exists comments drop constraint if exists FKh4c7lvsc298whoyd4w9ta25cr
1759209895322|0|statement|connection 20|url jdbc:postgresql://localhost:55725/testdb?loggerLevel=OFF|alter table if exists member_blog_follow drop constraint if exists FKmsw589t0dcxn3eau48jkd1auj|alter table if exists member_blog_follow drop constraint if exists FKmsw589t0dcxn3eau48jkd1auj
1759209895323|0|statement|connection 20|url jdbc:postgresql://localhost:55725/testdb?loggerLevel=OFF|alter table if exists member_blog_follow drop constraint if exists FKp5nkjtlu9ab10hrfksatwb54q|alter table if exists member_blog_follow drop constraint if exists FKp5nkjtlu9ab10hrfksatwb54q
1759209895324|0|statement|connection 20|url jdbc:postgresql://localhost:55725/testdb?loggerLevel=OFF|alter table if exists post_attachments drop constraint if exists FKcu9va95exxppwi8re0yse0hhy|alter table if exists post_attachments drop constraint if exists FKcu9va95exxppwi8re0yse0hhy
1759209895325|0|statement|connection 20|url jdbc:postgresql://localhost:55725/testdb?loggerLevel=OFF|alter table if exists post_attachments drop constraint if exists FKdwocy2l1nlf11ebpfrax6sto1|alter table if exists post_attachments drop constraint if exists FKdwocy2l1nlf11ebpfrax6sto1
1759209895326|0|statement|connection 20|url jdbc:postgresql://localhost:55725/testdb?loggerLevel=OFF|alter table if exists post_likes drop constraint if exists FKsr9uiilpnflc32a04yyx7bun|alter table if exists post_likes drop constraint if exists FKsr9uiilpnflc32a04yyx7bun
1759209895327|0|statement|connection 20|url jdbc:postgresql://localhost:55725/testdb?loggerLevel=OFF|alter table if exists post_likes drop constraint if exists FKa5wxsgl4doibhbed9gm7ikie2|alter table if exists post_likes drop constraint if exists FKa5wxsgl4doibhbed9gm7ikie2
1759209895328|0|statement|connection 20|url jdbc:postgresql://localhost:55725/testdb?loggerLevel=OFF|alter table if exists post_stats drop constraint if exists FKsqslaala9p24kidsphy8mfu35|alter table if exists post_stats drop constraint if exists FKsqslaala9p24kidsphy8mfu35
1759209895329|1|statement|connection 20|url jdbc:postgresql://localhost:55725/testdb?loggerLevel=OFF|alter table if exists post_tags drop constraint if exists FKkifam22p4s1nm3bkmp1igcn5w|alter table if exists post_tags drop constraint if exists FKkifam22p4s1nm3bkmp1igcn5w
1759209895330|0|statement|connection 20|url jdbc:postgresql://localhost:55725/testdb?loggerLevel=OFF|alter table if exists post_tags drop constraint if exists FKm6cfovkyqvu5rlm6ahdx3eavj|alter table if exists post_tags drop constraint if exists FKm6cfovkyqvu5rlm6ahdx3eavj
1759209895331|0|statement|connection 20|url jdbc:postgresql://localhost:55725/testdb?loggerLevel=OFF|alter table if exists posts drop constraint if exists FK46hamw7vkqcug68icapbki4v2|alter table if exists posts drop constraint if exists FK46hamw7vkqcug68icapbki4v2
1759209895332|0|statement|connection 20|url jdbc:postgresql://localhost:55725/testdb?loggerLevel=OFF|alter table if exists posts drop constraint if exists FKlguag5cl5yccrl9hdnw53fdhf|alter table if exists posts drop constraint if exists FKlguag5cl5yccrl9hdnw53fdhf
1759209895334|0|statement|connection 20|url jdbc:postgresql://localhost:55725/testdb?loggerLevel=OFF|drop table if exists blog_tags cascade|drop table if exists blog_tags cascade
1759209895335|1|statement|connection 20|url jdbc:postgresql://localhost:55725/testdb?loggerLevel=OFF|drop table if exists blogs cascade|drop table if exists blogs cascade
1759209895336|1|statement|connection 20|url jdbc:postgresql://localhost:55725/testdb?loggerLevel=OFF|drop table if exists blog_stat cascade|drop table if exists blog_stat cascade
1759209895337|0|statement|connection 20|url jdbc:postgresql://localhost:55725/testdb?loggerLevel=OFF|drop table if exists comment_likes cascade|drop table if exists comment_likes cascade
1759209895338|0|statement|connection 20|url jdbc:postgresql://localhost:55725/testdb?loggerLevel=OFF|drop table if exists comments cascade|drop table if exists comments cascade
1759209895339|0|statement|connection 20|url jdbc:postgresql://localhost:55725/testdb?loggerLevel=OFF|drop table if exists member_blog_follow cascade|drop table if exists member_blog_follow cascade
1759209895340|0|statement|connection 20|url jdbc:postgresql://localhost:55725/testdb?loggerLevel=OFF|drop table if exists members cascade|drop table if exists members cascade
1759209895341|0|statement|connection 20|url jdbc:postgresql://localhost:55725/testdb?loggerLevel=OFF|drop table if exists post_attachments cascade|drop table if exists post_attachments cascade
1759209895342|0|statement|connection 20|url jdbc:postgresql://localhost:55725/testdb?loggerLevel=OFF|drop table if exists post_likes cascade|drop table if exists post_likes cascade
1759209895343|0|statement|connection 20|url jdbc:postgresql://localhost:55725/testdb?loggerLevel=OFF|drop table if exists post_stats cascade|drop table if exists post_stats cascade
1759209895344|0|statement|connection 20|url jdbc:postgresql://localhost:55725/testdb?loggerLevel=OFF|drop table if exists post_tags cascade|drop table if exists post_tags cascade
1759209895345|0|statement|connection 20|url jdbc:postgresql://localhost:55725/testdb?loggerLevel=OFF|drop table if exists posts cascade|drop table if exists posts cascade
1759209895346|0|statement|connection 20|url jdbc:postgresql://localhost:55725/testdb?loggerLevel=OFF|drop table if exists refresh_token cascade|drop table if exists refresh_token cascade
1759209895347|0|statement|connection 20|url jdbc:postgresql://localhost:55725/testdb?loggerLevel=OFF|drop table if exists tags cascade|drop table if exists tags cascade
